0.005746694324672713 0.004672970325905896 9.811561473268469
0.0019323015488384974 -0.0033091271661199687 9.807766700787656
0.0019246889735512003 -0.003184222408657761 9.807791549404431
0.005607864022514158 0.0045955695906717 9.811539240382922
0.005595037448299949 0.004716494834332827 9.811577607009538
0.005579332949645559 0.004820698602143897 9.811613260382
0.00541190623160636 0.0042646098493706 9.811443763861753
0.001728966526750765 -0.003240533124565536 9.807776386448351
0.0017187354915704112 -0.0031256271689795423 9.807800902405098
0.005373737410885531 0.004642045244917485 9.811560912855404
0.0015976675148422024 -0.0033325680908171595 9.807756983885229
0.0015887699981889938 -0.0032056069611731573 9.807782078887966
0.001577003931113431 -0.0030964115105764673 9.807806386870668
0.0015164278193290995 -0.0031975332709560248 9.80778362869754
0.0051504601154934194 0.004576383159148201 9.811544398524347
0.005135717308234649 0.004697159700486288 9.811582905033113
0.0013838006233479426 -0.0032832002948364625 9.807764665159366
0.005006184751356709 0.004500322739201682 9.811522561824681
0.0013633423937334955 -0.0030329042256674174 9.807815216624173
0.004925600107451413 0.004520140672587505 9.811529749183535
0.0012906145037618474 -0.003015223490329353 9.807817618815033
0.004843607168134594 0.004533990484201052 9.811536048733576
0.0048285074580166456 0.004659052758453556 9.81157550093356
0.004810560208518816 0.0047669619415975925 9.811612180292487
0.0046440514954503844 0.004214999099363808 9.81144285516874
0.004680708579138844 0.004577274163567107 9.811551952168232
0.004664022381159075 0.004695692327503631 9.811590470618427
0.0009590937947603319 -0.0032805414582955626 9.807757241934944
0.004532073742263518 0.0044950098926909545 9.811529736237043
0.000935079531228164 -0.0030342595519459153 9.807808294768744
0.004448645688897222 0.004511434333241411 9.811536750704729
0.004432550448372444 0.004637495984355162 9.81157659850777
0.004413640982181879 0.0047462897592122095 9.81161365004235
0.004247778214197415 0.00419551294346535 9.811444251555775
0.004282895993543627 0.0045582943507390655 9.811553835867382
0.00426525421625545 0.004677278517970467 9.811592674600057
0.004244925530351097 0.004779659794460511 9.81162876448396
0.004078462592377534 0.004223245856032218 9.811458086321503
0.0005248950295448694 -0.0032673435537773224 9.807753692829364
0.0040483847725437784 0.004498873240244095 9.811541481683497
0.0004976086426964532 -0.0030275266686491473 9.807804886836124
0.003962433533950564 0.004509742337038486 9.811547734930642
0.003944832244285834 0.004633290454173218 9.811587329066548
0.0003104790190532259 -0.0033293079190554026 9.807738833809552
0.00029661808889953277 -0.0032085359688945386 9.807764438430944
0.0037919646661363953 0.00454532171707355 9.8115643028943
0.00017252165755091579 -0.003404597923402825 9.807721347372807
0.00015992732910833014 -0.0032736305081129853 9.807747490726145
0.0001446008509191461 -0.0031608885147705714 9.807772803056746
0.003621116335986979 0.004583696741770744 9.811581482100147
0.0034595856367677525 0.0040515616318022 9.811414952434141
8.983760586248299e-06 -0.00321577098867733 9.807755364402263
-7.789276110165714e-06 -0.003111319995626316 9.807780443009984
-7.091645722613283e-05 -0.003216286835020392 9.80775761388476
0.0033844048304952365 0.004532340280401932 9.811568484588697
-0.00019518284887485535 -0.003412987347668135 9.807714558582221
-0.00020837725032371986 -0.003282461032536331 9.807740894950499
0.003235028642913272 0.00447328762641617 9.811550686340889
-0.0002382802715680802 -0.0030443696693824764 9.807792760799437
0.0031475961990867028 0.004482857843147281 9.811557043447515
0.0031287636599466036 0.004605641164864561 9.811596829410027
0.0029678634017801914 0.004068730760380657 9.811429037490969
-0.00043640546331101483 -0.00319780924753708 9.807753201956976
0.0029786449968907803 0.004542327382986264 9.811577570264953
0.0029583956393847643 0.0046565399835880525 9.81161612478339
0.0027969330957980003 0.00411204003967636 9.811446711906047
-0.0005911251782105508 -0.003159797863275377 9.807761074937718
0.0028052493993025503 0.004572153018657256 9.811593242700711
0.0026458383564217686 0.004038223526613081 9.811425772729942
-0.0007278515648120037 -0.003222331497128777 9.80774397987936
0.0026565633225181864 0.004516246284207529 9.8115754575841
0.002636488368983469 0.004632379452050292 9.811614504830082
0.0024764555514261055 0.004089918918247001 9.811445263128496
-0.0008810495523248873 -0.003176628411980755 9.807752749926303
0.002484631625462097 0.004552793101147564 9.811592759437266
-0.0010061005088212408 -0.003388715496314471 9.807709008527025
0.002354839416696095 0.004368099329179776 9.811534865645934
0.0023801869458460953 0.004697201414632344 9.811641145498143
0.0022196759100629867 0.004144314109622826 9.811469635906674
-0.0011556128358282637 -0.003323071419610058 9.807718943686767
-0.0011714775952559994 -0.0032088416546613174 9.807745087476528
0.002163717481905328 0.004519926019123849 9.811591164855821
0.0020073986052507233 0.003990257409723189 9.811423954115176
-0.0013048247857128405 -0.0032597803642485717 9.807728868290134
-0.0013218735114664652 -0.003154682016224984 9.80775469225649
0.001952351860315935 0.004369828033933398 9.81154357521938
-0.0013964638663606116 -0.003125438343949738 9.80775943782353
0.0018684707931749573 0.004393716317448768 9.811553125805284
0.0018504697292082335 0.004522311061148233 9.811594574814583
0.001829928989321804 0.004633280921455695 9.81163312492046
0.0016728141725183 0.004086914782851848 9.811462389102438
0.0017026978751989348 0.004450130673832747 9.811574306658407
0.0016836124442741005 0.004570205397859278 9.811614444575493
-0.0017257181872044113 -0.0033675268081672432 9.807704076076185
0.0015551369124300947 0.004373782942988096 9.811554574770579
0.0015375726975258503 0.004503330683470292 9.811596255286123
0.0015174935335178638 0.004615150588068658 9.811635022825154
0.0013621195777314785 0.004069853822725602 9.811464176598916
0.0013920012809540171 0.004433602270051266 9.811576403254357
0.0013733767981619542 0.004554244360368463 9.811616729019606
-0.0020035434121810276 -0.003379036427386352 9.807698499412991
0.001246692597507643 0.00435894852586057 9.811556989989699
0.0012295981575660253 0.004488850332069324 9.811598833441
0.0012100215618322343 0.004600976100420297 9.811637753075669
0.0010564386305895632 0.004056256302236714 9.811466716642943
0.001086372264696729 0.0044200888102827445 9.811579199641175
0.0010682691659114273 0.004540892439336158 9.811619657749631
-0.0022761250789186684 -0.003388313720851805 9.807693287329394
0.0009435135315591486 0.00434602415078261 9.811559940165454
0.0009269632287792892 0.004475980725722897 9.811601899708766
0.0009079672868316306 0.00458814273943804 9.81164092719819
0.000756258845779224 0.004043755731685912 9.811469654116667
0.0007863279001193594 0.004407455368996213 9.811582355601585
0.0007688330072887192 0.004528225657281186 9.811622909122462
0.0006190638353661085 0.00399176379101279 9.811453169037755
-0.002552162592771791 -0.003249419182786974 9.807716050206752
0.000629898216579114 0.004460570796136358 9.81160397992846
-0.0026665977685094364 -0.0034544280661891577 9.807672709859313
-0.0026784491976409477 -0.003328660473114388 9.80770014278883
0.0004918775974161996 0.004389843495620393 9.81158545331493
-0.002789332077969634 -0.0035145899226179554 9.807657817786113
-0.0027997665654522614 -0.00338067546358538 9.807685717639943
-0.002812572436567992 -0.003265434390049478 9.807712699951251
0.00033909086800478926 0.00444161560003091 9.811607898208615
0.00019348373090058224 0.003914434430037802 9.811439466952507
-0.0029315701433890538 -0.003313533639023995 9.807697376313135
0.00020804884055391587 0.0043982288965322665 9.811593109744434
0.00019183687525363793 0.0045169941237959334 9.811633566186021
4.5971759194574886e-05 0.003979317931661284 9.811462988899695
-0.003062306816024369 -0.0032564415950853253 9.80770884196687
5.873998724867152e-05 0.0044445697775226615 9.811613890641556
-8.495406615974187e-05 0.003915849557472088 9.811444962655614
-0.0031785342421218215 -0.0033101416416742475 9.807693590315706
-6.94652935837586e-05 0.004396229640337717 9.811598593707455
-8.493392210380092e-05 0.004513546285402998 9.811638977458074
-0.00022873804593696238 0.003974859004148449 9.811467951139825
-0.0033053695623806697 -0.003258635143921272 9.80770518718247
-0.00021478009801192773 0.0044376525415985996 9.811618860943684
-0.00035634292594510943 0.003908210414239471 9.811449517383581
-0.0034181873370692727 -0.0033153646729283206 9.807689927850342
-0.000339534711626149 0.004386656778181116 9.811603177871127
-0.0003540765497992842 0.004503176201735226 9.811643518409333
-0.0004956427470920097 0.0039640656794136565 9.811472112413139
-0.00046321632217719477 0.00433060718287376 9.811586495005741
-0.00047630479064036084 0.004454327898022126 9.811628185151596
-0.0036413112804773336 -0.003450831990578087 9.807659449770442
-0.000586306506423845 0.004265298968101087 9.811569578058773
-0.0005978175423615304 0.004397059755759898 9.81161260797947
-0.0006116042769019051 0.004510776990038725 9.811652638794573
-0.0007510807821221166 0.003969429593421272 9.811480511592652
-0.0007182818279985907 0.0043335021925301614 9.811594763005253
-0.0007304951961759863 0.004455076128864316 9.81163618901159
-0.000867943059160525 0.003920973100292061 9.811465455039922
-0.003866423908577757 -0.0033002124314462254 9.807686425393065
-0.0008486752372729428 0.004389877466476781 9.811618438083062
-0.0009839690348297865 0.0038638723409377736 9.811449197019378
-0.003967732213822069 -0.003348279991641507 9.80767225750796
-0.003976492251967121 -0.0032433923902682772 9.807699564516387
-0.0010152453559785512 0.004242822694142481 9.811573032102071
-0.0010246521597860295 0.0043746182980971314 9.811616354989734
-0.0010362778655781263 0.004488345795627395 9.811656660115043
-0.0011713666194316768 0.003947523140728265 9.811484218153717
-0.004167189506720103 -0.0034683698805958734 9.807644541401077
-0.004172834885938383 -0.0033478755749524677 9.8076726993683
-0.0011973635310596582 0.004341612310476646 9.811613580513423
-0.004265411791935609 -0.0035419811260685666 9.807629930084197
-0.004269335426290182 -0.0034124280015220814 9.807658508143467
-0.0013056827177295107 0.004283663231927688 9.811598025205102
-0.0013144115022678305 0.004407513999010912 9.811639987332459
-0.0014452471424092072 0.003876202491776115 9.811469019014071
-0.004365220088610843 -0.0033345344907949074 9.8076726439954
-0.0014201077704786356 0.004348170676586775 9.811623205870985
-0.0015488228329032293 0.0038242956310799705 9.811453639530072
-0.004454099300134443 -0.003377961691792824 9.80765885527061
-0.0015209957648137957 0.004308742477454509 9.811610223760209
-0.0015288919477099143 0.004427921478171998 9.811651671058508
-0.0016575387044611908 0.0038926811473521967 9.811479730981631
-0.0045456386958567345 -0.003318363682198856 9.80767261014475
-0.0016308675421795266 0.004357125910240433 9.811633181666727
-0.0017572371824190918 0.003830350486338968 9.811462773721587
-0.004630467405937998 -0.0033715696721551194 9.807658422349293
-0.0017276052686655177 0.0043091175222480325 9.811618743237052
-0.004754401243850163 -0.003788059326979489 9.807566612238427
-0.004750951012109235 -0.003627213895047018 9.80759722640241
-0.004632555672829705 -0.002851175451010027 9.807775086859882
-0.0018328065914384028 0.004339830503161847 9.811639269632991
-0.0019564517226531362 0.003812536360152603 9.81146831758013
-0.004910297995519349 -0.003992852317453967 9.8075130804822
-0.004785578220959664 -0.0031662824115438505 9.807692451601136
-0.0018437620382938833 0.004895451845505261 9.811818967988144
-0.001975360051736364 0.00429313702657754 9.81163303235113
-0.002096449715625608 0.0037700002999845935 9.811462573853072
-0.005025696743520908 -0.004029658364970517 9.807505473888307
-0.00490040718525563 -0.0031999481799571978 9.807685171791105
-0.002055767879401639 0.004448666941564171 9.8116753657597
-0.0021775904569679575 0.003906940645861404 9.811501491246792
-0.002138649296528732 0.004267777739069916 9.811617078620271
-0.002141602378073601 0.004386990022961089 9.811659014753324
-0.002261229314312582 0.0038527238441973363 9.811486502782781
-0.0022209375802414288 0.004220133110992603 9.811603259871966
-0.002222419888275106 0.004345323384552574 9.81164633468417
-0.005118014375182528 -0.0035269647813554465 9.807613939974154
-0.0023022118631388913 0.004160019443448713 9.811588536972021
-0.0023020788426109744 0.0042923434412370865 9.811632773891533
-0.00230397779877609 0.004406461525055129 9.811673931800462
-0.0024211959697428326 0.0038678828065471463 9.811500210719348
-0.005210534113595999 -0.003524742110539658 9.807611606338476
-0.005206400928572286 -0.0034044063856085976 9.807640603076342
-0.0024181557151423017 0.004261591384545978 9.81163185110216
-0.0025313338569424057 0.003741882092773611 9.811461686571874
-0.005264605935213646 -0.003439200393021122 9.807628112640588
-0.0024883970322432513 0.004229652808208677 9.81162085870875
-0.0024874976055369365 0.004350367901951642 9.811663233602893
-0.0026005200413251753 0.0038181086693770145 9.81149046027643
-0.005316550424895736 -0.0033728632215397564 9.807643783488125
-0.00259342072691781 0.004091548112217904 9.811577756985187
-0.005339519541706878 -0.0033278521446153614 9.807652297529744
-0.002625474263756105 0.004129049364099597 9.811592176387814
-0.0026215688239278295 0.00426195876131267 9.811636842213874
-0.0026196447787819994 0.004376574405365992 9.81167840219268
-0.0027302803341484505 0.0038390926861443866 9.811504357432018
-0.005448858024445944 -0.00354519191137905 9.80759926149501
-0.005440926495964975 -0.0034246436181757387 9.807628611754112
-0.0027159293716579073 0.004233459472063656 9.811637057594083
-0.0028225797855293976 0.0037145256661701475 9.811466502438195
-0.005486003393703589 -0.0034587825592716226 9.807616596376429
-0.002773036644488862 0.004202061305552925 9.811626516990897
-0.00276832826303242 0.0043227204396805476 9.811669167097682
-0.0028747773281365403 0.003791056129483874 9.811495946355155
-0.0028288581415632317 0.0041589444406542825 9.811613842034317
-0.0028227331474047408 0.004284939170890006 9.811657538132557
-0.0029272761792026166 0.0037582370846501786 9.811485301169819
-0.005558987046987479 -0.003418796137657481 9.807621890708647
-0.0028762514754175914 0.004231591151164638 9.811643551150008
-0.0029787178572606137 0.003711273964280697 9.811472476127854
-0.0055957965992923814 -0.003458412829764866 9.80761016377226
-0.002925040981866618 0.004195328451617857 9.811632735049777
-0.002917904832879009 0.004314514821573776 9.811675407971167
-0.0030200722842914007 0.0037819480274870142 9.8115016905897
-0.0029723662892254857 0.004148394088767254 9.811619789909614
-0.0029637810933616114 0.004273209785330213 9.811663509032577
-0.0030640130857851875 0.0037458703856894085 9.811490795505987
-0.005649272296502601 -0.0034272045269642636 9.807616014304227
-0.0030086336445155153 0.004217110202204341 9.811649263364965
-0.003106772326465302 0.00369636409175617 9.811477730534975
-0.005677393463360303 -0.003469284293318651 9.80760439076799
-0.0030487111937213996 0.004178688297414044 9.811638207275852
-0.003144962392853017 0.0036628522554084646 9.811467615268603
-0.005701176212075884 -0.00349652164630201 9.807593948200308
-0.0056874586076154435 -0.003387197831499624 9.80762343153048
-0.003109867955306012 0.00405475584709654 9.811599194347199
-0.003097255543327714 0.004189463226045859 9.811644862843682
-0.005744870787102312 -0.0036453238106791165 9.807561219852063
-0.005727982551331951 -0.003516702591310526 9.80759176689457
-0.0031322755042485165 0.0041319222603130295 9.811631709346408
-0.0032244948783562615 0.0036206663047589514 9.811461703831245
-0.005743137492423205 -0.0035306747137217546 9.807582261053485
-0.0030913883680949925 0.0045301439893271015 9.811766262840003
-0.00318860481483314 0.003963930583115365 9.811585060541251
-0.0032767228845653564 0.003473198824684734 9.811418889022832
-0.0057747045652033315 -0.003657626863895435 9.807549991713142
-0.00313826348911682 0.0044176409864004375 9.81172918950393
-0.0032319571043703064 0.003866724700585986 9.811551099855274
-0.0032137363497572267 0.00402339640073106 9.811600656193315
-0.003197605497468445 0.004159427634070775 9.811646854258623
-0.0031833364640124506 0.004276772226287516 9.811689852875654
-0.0032732321457445363 0.0037437435199038057 9.811515071898151
-0.005775112004213909 -0.003613966964382752 9.807560741419666
-0.00575502936843284 -0.0034918440933720037 9.807591227742154
-0.0032226299988016567 0.004142810242633466 9.81165153255059
-0.0033088406320674877 0.003626982786350026 9.811479971886268
-0.0057585473112695875 -0.0035217166217749816 9.807580848006527
-0.0032382019608259774 0.004115030440070405 9.811642829600743
-0.005784082464669016 -0.003703013878388389 9.807539369227264
-0.005761306298127642 -0.0035700078738072146 9.80757053286015
-0.003252873935789565 0.004071051566258481 9.811632313176908
-0.00578378736304259 -0.003740219193282455 9.807529673747656
-0.005759756038074071 -0.0036024986686832754 9.807561144330851
-0.0032633579872716253 0.00404094977269357 9.811624267012983
-0.0032440912848941167 0.00417075294053226 9.811669490189788
-0.0033265803528960735 0.003649611221015589 9.811496505752832
-0.005730743207729088 -0.0034991397116339983 9.807582285694146
-0.0032525995036462455 0.004127400372750622 9.811658202300977
-0.003333241596950293 0.003611336800881105 9.811486143922831
-0.005723106289983628 -0.0035312813943936578 9.807572165630999
-0.0032570057833246078 0.004097571697545779 9.811649505892582
-0.0032370256614589195 0.004217834276386105 9.811693252198129
-0.0033174319773036248 0.0036883535653245104 9.811518289389717
-0.005721007783603406 -0.0036559430085948783 9.807542793420348
-0.005695393972329984 -0.003531807202064339 9.807573750237962
-0.003250294595444037 0.004093347942409971 9.811656709469581
-0.00332725398803071 0.0035799725239799773 9.811484809502927
-0.00568014308388284 -0.003556529290209749 9.807564042344351
-0.0032471458181332854 0.0040700374431363795 9.811649095599654
-0.0056924190797470135 -0.003735167951837732 9.807522707400905
-0.005664359467717295 -0.0036014178473405037 9.807554319156976
-0.0032433185362182064 0.004028990853200932 9.811639421102718
-0.005673802556362476 -0.0037699080864546106 9.807513568557999
-0.005644589206594818 -0.003631844378345476 9.807545472967096
-0.0032356117230783452 0.004000648949381886 9.811632026271967
-0.0032111619981296494 0.004130630705184197 9.811677640970878
-0.0032846747210172247 0.0036105563014137165 9.811504061176189
-0.005592500625960367 -0.0035273964335562117 9.807567506644855
-0.003201725749926534 0.004087998592783422 9.8116667892209
-0.003273485009868059 0.003572793546774125 9.8114940923485
-0.005567166828599806 -0.0035593032797239946 9.807557794893528
-0.003188452476297189 0.004058339417108285 9.811658407017527
-0.0032586055827253622 0.003546763100959553 9.811486411408268
-0.005538316026672517 -0.003580332881658631 9.80754907867737
-0.003171741702681381 0.004038205462981798 9.811652105903686
-0.003145738526867213 0.004160767577690202 9.811696770339953
-0.0032158258646970556 0.0036344054586020377 9.8115216190062
-0.0031542887959880002 0.004001880667126967 9.81164270013478
-0.0031271761231040167 0.004128527474262471 9.811688147413397
-0.0031956573999317845 0.003605993794179592 9.811513715664919
-0.005444574549362896 -0.0035282683241265192 9.807561498727125
-0.003137321386245336 0.00388695274121847 9.81160654540289
-0.005410311836353837 -0.003475575405679449 9.8075730923969
-0.00311203077594219 0.003931033171165701 9.811624388032344
-0.003082767077318378 0.004065586123007001 9.811671370810618
-0.0031481020472348483 0.003550471418027169 9.811498340386239
-0.005369209642762783 -0.003573840408084814 9.807544472598542
-0.0030570150511739867 0.004034454766306962 9.811663736315312
-0.003120807591073107 0.0035229731132220272 9.811491354000056
-0.005328059256489101 -0.00359645014083741 9.807536589316342
-0.0030280107139708857 0.004012887018783549 9.811658015475764
-0.0029985405655018585 0.004134839671038159 9.81170300202633
-0.0030622956684078816 0.0036086159749672995 9.811527403444412
-0.005281437088441601 -0.0037131823189800995 9.807509517344602
-0.005246614216442176 -0.003588190451337906 9.807541518002324
-0.002967633841061302 0.0040161989594203595 9.811669072756638
-0.003028330675205094 0.0035051234694136193 9.811496317800398
-0.005199561094363612 -0.0036104415347687274 9.80753338768068
-0.00293273793578828 0.003994961873401399 9.811663058537215
-0.002992048010674206 0.00348652705712026 9.811490817844046
-0.005149631561339717 -0.003624885120882789 9.807526080680283
-0.00289502023267981 0.003980541438135645 9.811658670657142
-0.0028631311423140933 0.004104283800036033 9.81170413987312
-0.0029225308719658663 0.003580156214238786 9.811528534644964
-0.0028569804640073714 0.0039479565688348445 9.811650772647589
-0.0028241596005200062 0.004075231320648448 9.811696913429833
-0.0028821295411265535 0.0035544319037487822 9.811521910416404
-0.00281591713037977 0.003925052319765424 9.811644770876518
-0.0027822738570999375 0.0040549114231931815 9.811691488243016
-0.0028389156784871593 0.0035365828158351676 9.811516953548436
-0.004952741061882153 -0.0035793944482415555 9.807534562947742
-0.0027404908858200574 0.004012496142532541 9.811682310169674
-0.0027956173939462704 0.0034986967185707796 9.811508521645779
-0.00489569150464554 -0.0036119463823752486 9.807526445168902
-0.0048862114258023965 -0.003695059571593138 9.807505653286839
-0.0026891537421262846 0.003909679022708711 9.811649496449684
-0.004866018652329684 -0.0038559967673676924 9.807466152173982
-0.004825449406358784 -0.0037157013820125805 9.807499597381664
-0.002640584061621693 0.0038897983687872593 9.811645556031326
-0.0026048304871498663 0.0040213095963268055 9.81169269209829
-0.0026574344165823066 0.0035049506245655193 9.811518115987186
-0.0047223456915889885 -0.0036042324438678316 9.80752546417614
-0.0025825859092853507 0.0037928065939091997 9.811613952137764
-0.004669360045627323 -0.00354483817946834 9.807538656709555
-0.0025385759059653942 0.0038426977872171382 9.811633891899966
-0.0025013517619559356 0.003979257898943735 9.811682127798411
-0.002551477330067247 0.003467731804796367 9.811508446664623
-0.004589595693602289 -0.0036337970458509283 9.807512201309894
-0.0024473463580335334 0.003953567440786772 9.81167667578049
-0.004594745543738666 -0.004034073066258773 9.807418904098993
-0.004550110342523143 -0.0038713564988666115 9.807453957866224
-0.002361690153502528 0.004155203181049939 9.811748059183973
-0.0024122372463484866 0.0036186212684454844 9.811569005732443
-0.004452540831300505 -0.003693404557720227 9.807499513219382
-0.002334605663500611 0.003897592110257702 9.811666354896442
-0.0023810058498237594 0.003394895718539266 9.811494027828013
-0.004379017109842762 -0.003694253703881122 9.807494166228286
-0.0022734206811096157 0.003895033988164324 9.811665054026786
-0.0022352271154148454 0.004021510615561968 9.811711745808022
-0.002282016076182353 0.003501414760690344 9.811535722060642
-0.0022126712814330577 0.0038705974499278584 9.81165962334523
-0.0021738423644003003 0.003999566777876455 9.81170681752319
-0.0022194951507984706 0.0034818578694364275 9.811531205143249
-0.002149761750744239 0.0038530085500508614 9.811655585960294
-0.0021103780860184684 0.003983792394435205 9.811703211814173
-0.0021549704354456227 0.0034678571004039017 9.811527912852963
-0.004110653224005182 -0.0036289109753760047 9.807508056870006
-0.0020475878437446436 0.003944111465252094 9.811695426381453
-0.0020909327655474256 0.003432188442027608 9.811520749074575
-0.0020203941510799316 0.003808225619405808 9.811646126786309
-0.0019798808212145485 0.003943506517875928 9.811694671252948
-0.002022339956313957 0.003431902968096103 9.811520097437203
-0.003951812424887424 -0.003657881217137263 9.807496638690335
-0.0019132943301226652 0.00391496973803825 9.811689276854125
-0.001954647354453183 0.0034062628905831035 9.811515145703156
-0.003870985155882325 -0.003679575759507346 9.807490676626438
-0.0018447094198520652 0.0038940482687451947 9.811685227013145
-0.0018850443791377782 0.0033875160067649455 9.811511439212701
-0.003788361005818952 -0.0036948792012020367 9.807485242164166
-0.001774367422389512 0.0038787356687659193 9.811682310529289
-0.0018137541112266701 0.0033738241858982426 9.81150878119023
-0.00370414200465119 -0.0037055221955409217 9.807480296207519
-0.0017024603720521426 0.0038674959921265145 9.811680341622473
-0.0036670221978871154 -0.003876934422022503 9.80744045117648
-0.0031031347411518435 -0.0018108968466330306 9.81220372925443
-0.0036075575664621254 -0.0038643875513159984 9.807386456097998
-0.0035613592645476026 -0.003731317215352461 9.807424094195428
-0.0015802013362900967 0.0038414117344524523 9.811631110489689
-0.0016172303779209574 0.0033396910101163176 9.81146104101775
-0.003473383183303558 -0.0037330144866498855 9.807429254451613
-0.0015046065837039718 0.003838047181679568 9.811639593458636
-0.001462934091912792 0.003963862407437236 9.811689517390866
-0.0015005304602259734 0.003444592960917424 9.811515053254944
-0.0033653786087557724 -0.0038319870524033775 9.807416290159185
-0.00141211988764801 0.0037497007167861915 9.811623339833984
-0.0013691900562926018 0.0038868286733415277 9.811674778854856
-0.0032769183912732215 -0.0038560674299034084 9.807417931102053
-0.0013359274847942093 0.00372662885037066 9.811626181353569
-0.0012926349228695108 0.003865850338645745 9.811677611318357
-0.001327522853351703 0.0033590238740091637 9.811504606096971
-0.0031377861377014818 -0.0037131545610477605 9.80745575350326
-0.0012149965204787583 0.0038473967855423203 9.811679193109299
-0.0012490663182917745 0.003342315391444079 9.811506160044825
-0.003046641226916682 -0.0037268849771876483 9.807455110471299
-0.0011361738022444433 0.0038333971839507033 9.81168086973779
-0.0011694832319147771 0.003329625303236176 9.81150778033167
-0.002954450359266776 -0.00373690849845439 9.807454145894296
-0.0010563266297262388 0.0038226433776522442 9.811682604258673
-0.0029370993993459247 -0.004127360241053702 9.807362555160624
-0.0028870363021982867 -0.003962067501270174 9.807399968584688
-0.0009498382741575723 0.004033275893518669 9.811760642589084
-0.0009842631882688445 0.0035013781460605975 9.811581158891146
-0.0009381218010985289 0.003667205149549802 9.811636400695445
-0.002721120114868182 -0.0036330084969268726 9.80748711525403
-0.00087646063540325 0.003717775856465128 9.811659061723741
-0.002700111667223384 -0.003996178553503059 9.807394712763768
-0.0026513740274498802 -0.003850041696711609 9.807430778038908
-0.0007935584494564504 0.003717818463443722 9.811662212753628
-0.0007497777305767553 0.0038535922492192176 9.811712133014174
-0.0007807431633072405 0.003344509880591211 9.811536681856627
-0.002508205498644896 -0.0037203494136232914 9.80746352603598
-0.0006684696633076759 0.0038268943261640914 9.811708962004488
-0.0006986931486150053 0.003320202007527559 9.81153374001607
-0.0006279364446300932 0.003697573983482655 9.811661684203859
-0.0005839653596494412 0.003834730451417829 9.811711864394836
-0.0023911164357616954 -0.004110871062589351 9.807367549673968
-0.002341234540580325 -0.003950884442184797 9.80740433178743
-0.0022930118379891435 -0.003812741494335387 9.807439792054224
-0.0004813192082934339 0.0037421916685514657 9.81168659119515
-0.002245677050279571 -0.003970589400303093 9.807401119013505
-0.002197340646296611 -0.003830731822235866 9.807436602324623
-0.000397970470718735 0.003724394164315111 9.811685302750437
-0.0004255463702955028 0.003229853386553952 9.811512019004338
-0.002098967221190685 -0.003815292829532503 9.807434689499749
-0.00031207622584850336 0.003735942331091272 9.811688620712186
-0.0002687811427738118 0.0038651965653123182 9.811737335725425
-0.0002973158434506635 0.0033509468351039804 9.811559804778957
-0.00022808793255044114 0.0037205849086268785 9.811686730108427
-0.00018475917826872595 0.00385092444429698 9.811735653072967
-0.00021276493413726927 0.0033377867610389807 9.811558228946035
-0.0018809952781335287 -0.003910097857688151 9.807409765097132
-0.0018335875214228884 -0.0037800519309035578 9.80744479917247
-0.0018093081356999599 -0.003857243184918914 9.80742461033322
-5.945621509596922e-05 0.0036930088614393715 9.811685505558014
-8.516966362479165e-05 0.0032004064260734415 9.811512153651174
-0.0017101799336633676 -0.0038372062384450433 9.807423194918913
-0.0016637125555923052 -0.0037178510249727408 9.807457732458728
4.670954891370046e-05 0.003621612059008955 9.811661541973605
9.058166908839006e-05 0.0037628929734327696 9.811712582969346
6.470737143412027e-05 0.0032600990648178957 9.8115370138728
-0.0015410469600423313 -0.003784688720128246 9.807435727175235
0.00017495661757385196 0.003750162058697294 9.811711730966346
0.0001495022481958933 0.003248218315038887 9.81153621101995
-0.0014442628161896788 -0.003794527260052335 9.807432562487675
0.00025937663315462987 0.0037394693345470594 9.811711244595333
0.00023430690208265078 0.003238182357552866 9.811535749624879
-0.001347526519877822 -0.003802663963681831 9.807429577651877
-0.001323063773314559 -0.003879096521062563 9.807409635147017
0.0003648220158631388 0.003663538564278812 9.81168675517536
0.00034090070844664384 0.003171961322593309 9.811513242567703
-0.0012245487109869082 -0.0038576327683459135 9.807409169879907
0.0004508434370258599 0.003680311322627423 9.811691992521764
0.0004931129098253476 0.0038106155628825668 9.811741523312753
0.0004680400927070523 0.0032984878736800637 9.811563587583068
0.0005344636006093527 0.0036683471349665798 9.811691681427426
0.0005765635285894472 0.0037992239213792446 9.811741325768805
0.0005518133228354768 0.0032877436147566498 9.81156339582284
-0.0010078688760853077 -0.003945515123435543 9.80738696884605
0.0006393731080837825 0.003599344058779574 9.811671318811834
0.0006818084037584133 0.0037389703726602086 9.811722589663098
-0.0009352029319118592 -0.004178166488896877 9.807330181718836
-0.0008873763862812816 -0.0040165279492626925 9.807367897373476
-0.0008411460453723582 -0.003876985213731228 9.807404254912223
0.000784739621236658 0.0036549087218253466 9.811699326569569
-0.0007930161759256292 -0.00403146515171747 9.807365764274284
0.0008260585109068218 0.0035199994270116563 9.811651782126818
-0.0007005465442711498 -0.003741632272182458 9.807439411038558
0.0008875966527092822 0.0035803048492616904 9.811676250876463
-0.0006733675362937902 -0.0040943730941806495 9.807345769346231
-0.0006271816117314164 -0.003945374331704374 9.80738288276055
0.0009704803399844326 0.003590984971188226 9.811681326683122
0.0010116623588872838 0.003728745615565075 9.81173240151714
0.0009885722860414673 0.003224195100533468 9.811555283321276
-0.0004883802314936363 -0.003806691013425522 9.807417647750432
0.001071905993391893 0.0035193657592498245 9.811658201463484
0.0011132838205580706 0.003665948400265268 9.811711042882724
0.0011531267864727842 0.003792382124415141 9.811760270448813
0.0011295916180143238 0.003277789853353731 9.811580873418935
-0.0003481511625698323 -0.003948212564192209 9.80737949932572
0.0012123733460475776 0.0035820730712367204 9.811688106380082
-0.0003008108276064383 -0.004088904483555367 9.807342190827294
-0.00025619831177375494 -0.00394282559788175 9.80737935836282
0.0012919365916814068 0.003584656739029287 9.81169190740719
-0.00020942092508726456 -0.004085627768008847 9.807341892422128
-0.0001652546021644504 -0.003940514461995555 9.807379046970851
0.0013705077077445316 0.003584528521038179 9.8116952335322
-0.00011903645011395954 -0.00408491475873354 9.807341431392738
-7.531658036961789e-05 -0.00394053993050348 9.807378572966208
0.0014480877722877357 0.0035823482152431948 9.811698148769858
0.0014268068735770404 0.003094128474383534 9.811523833115789
1.5394231284906803e-05 -0.0039133551865007665 9.807379275029616
0.0015263506596161903 0.0036040427505437435 9.811704944855615
0.0015645149359843958 0.0037351368315700997 9.81175528764668
0.0015418637068782782 0.0032254596497879855 9.811576357336575
0.00012568935811010468 -0.003987957865423186 9.807360831245289
0.0016208517818137693 0.0035366768459772005 9.811685570272424
0.001659001146442739 0.003675992569111061 9.811737432435878
0.0016369257821063864 0.003173935759794665 9.81155998085627
0.00025465717159704325 -0.00384269172171424 9.807397345536625
0.0017320715350960338 0.0036591533082809785 9.811737078409717
0.0017100804466663353 0.0031579245612864933 9.811559613893296
0.00032088735698920274 -0.004044373890098308 9.80734270427689
0.00036193316350088107 -0.003907619790375081 9.807379741918506
0.0018235419678038968 0.003600293061629436 9.81171937860508
0.0018020592240436894 0.003106617073809852 9.811543379004767
0.0004462903393126476 -0.0038990835489763846 9.807379435690398
0.0018955565603946496 0.003605594103894043 9.811723253269655
0.0018739789075493786 0.003110620305519779 9.81154693305487
0.0005292206530602069 -0.0038949151894483447 9.807379045482621
0.0019661682117735856 0.0036070528017365594 9.811726601963354
0.0019445055263414585 0.0031111299288861223 9.811550001825104
0.0020013944956873415 0.003492082007861623 9.811682127109833
0.0020371524269417085 0.0036336988474126486 9.811734897164802
0.002015237284978485 0.0031344197913635344 9.811557661447177
0.0006922591121044212 -0.0038719926160826162 9.807380147276788
0.0021045563643871056 0.003622728585379698 9.811736582634307
0.0020826046177723936 0.0031236000834158036 9.811559187667129
0.0021379032464568775 0.0035012752080470994 9.811691046552182
0.0021724298582336743 0.003640006637406574 9.811743440405774
0.0021502577856674374 0.0031383739417012264 9.811565515519657
0.0022046942137023736 0.003513572267484849 9.811697167946308
0.0022385421971908713 0.00365009737818018 9.81174928931414
0.002216180952974683 0.003146597136051018 9.81157090611943
0.002269782554291964 0.003519915314344523 9.81170237947199
0.0023029755673813807 0.003654778793783563 9.811754265875745
0.002280445176354091 0.00314990351624184 9.811575487003275
0.0009839158401595332 -0.00404345126113596 9.807329169860122
0.001020327771632969 -0.003910969826454088 9.807366670887028
0.002363205170414459 0.003392177010250296 9.811662065728386
0.0023964552086945157 0.0035432945931267775 9.811716975020712
0.002428242836554989 0.0036737284673669913 9.81176814987527
0.0024052807650765946 0.0031651025606405183 9.81158830234867
0.001130474887242407 -0.004028936392693411 9.80733297525379
0.0024709039976587377 0.0034745986356221033 9.811699034281391
0.002502396911998453 0.0036130423182995355 9.81175159067803
0.0024797236193078403 0.0031118433741872194 9.811573107203705
0.0012198253339210563 -0.004073217548210714 9.80731850909843
0.0012544089143226005 -0.003938106092443438 9.807356317702546
0.00257386770317526 0.0035494874168471996 9.811734534980564
0.0025514671108716855 0.003055932072722101 9.811557440881183
0.0026012757832027298 0.003437201435207258 9.81169073747459
0.002631581367684678 0.0035794683492922394 9.811744200572893
0.002608796302020942 0.0030820371824546895 9.811566352411724
0.0013904625775109259 -0.003908974354841868 9.807359550074862
0.0026854888372900647 0.003570490293581352 9.811746925639362
0.0026625290377182143 0.0030728251170940297 9.811568823045887
0.0014388753390991123 -0.004104257217971867 9.807306286775356
0.0014715034619523807 -0.00396661281863591 9.80734449598362
0.002750856897073904 0.0035178878779910734 9.811732195313292
0.002728043260165863 0.003026757524271336 9.811555311046005
0.002775276190565056 0.003409591099549643 9.811689305084217
0.002803554156094583 0.00355339641594027 9.811743303507107
0.0015474606760051207 -0.0043063343548258165 9.807253506824406
0.0015801957918067059 -0.0041420478624272315 9.807293625706254
0.00161151629103377 -0.004000299417823722 9.807332266002293
0.002863034034813873 0.0034839615432916615 9.811725739613028
0.002839969823824685 0.0029963812573453666 9.811549407030123
0.0016714335482012018 -0.00397896022389897 9.8073348624003
0.002910797112341437 0.003500380053253193 9.811733482837617
0.0028873686164926906 0.0030100765643504236 9.811556526876036
0.0017291677654939065 -0.003966411135118476 9.80733703317792
0.0029564169372295044 0.0035090693503794495 9.811739937461786
0.0029326587532907213 0.0030167587135617206 9.811562452667447
0.00297618587379421 0.0033977082838814853 9.811696696519181
0.0030014880905540105 0.003539975002204992 9.811750724596237
0.0029772764633076666 0.003043542416095936 9.811572402144831
0.0018396093507132805 -0.003935750084450086 9.807342375549315
0.003027729337801342 0.0033441889518480397 9.811680622427236
0.0030524600199878186 0.003492676318819657 9.811735917059302
0.003028260211142374 0.003002051757095766 9.81155878849832
0.0019046760928668484 -0.003969727758605528 9.807328349993783
0.003092145985257689 0.003499376786929208 9.811742940542437
0.0030676006537227415 0.003006830619536169 9.811565244111744
0.001954285562757767 -0.003965651166714771 9.80733078185279
0.0031151244803810352 0.003313567161294847 9.81167497302798
0.003138360864962279 0.0034646387350563625 9.811730970607
0.0031602471498590207 0.0035949503280776414 9.81178316308259
0.0031345267080428374 0.0030882112653470625 9.811602257410122
0.0019929836199552666 -0.004483061716733531 9.807187325446321
0.0020667312999435076 -0.0036793763680709538 9.80739944608978
0.0032165740542560127 0.0037440487212891892 9.811845338943783
0.0031893615382673317 0.0032154428176843024 9.811659456173135
0.003165782889954249 0.0027574053562045226 9.811488419983938
0.002088307630464663 -0.004178876675934036 9.80726834693427
0.003225747955209609 0.003309790572633569 9.811682729451183
0.0032465155760148076 0.0034594199684939795 9.811738670768738
0.0032659686451066722 0.0035884017374933383 9.811790803807794
0.003239344807080297 0.003080892124298048 9.811609362477455
0.0021332479660229045 -0.004485907659205574 9.807182862682438
0.002202947198723167 -0.0036838385118504917 9.807395634562493
0.0032996262722300527 0.003546492927822183 9.81177803153242
0.003272905864795657 0.003044063770824436 9.811597615294872
0.002210037013645293 -0.004114994807756808 9.807282807636716
0.003311642481073907 0.0033586370614577966 9.811712071983415
0.002224748412152306 -0.0042435089851239945 9.807247840606003
0.002246730845367041 -0.004094346213059575 9.807288061813624
0.003336442366292021 0.0033743533708964746 9.811722141833764
0.0033102902350325967 0.0028943485948610148 9.811546250986385
0.002282332337282639 -0.004054343092640193 9.807293931197995
0.003360138523766912 0.003407054953490493 9.811734735031495
0.0022939102145912147 -0.004199515520518523 9.80725774011017
0.003364789087753666 0.0032800671814359637 9.81169014809304
0.0033814038005376065 0.0034296016285187583 9.811746301062412
0.003354256402365583 0.0029414033958502224 9.811568516616504
0.002345982620734919 -0.004012016057858437 9.807304142086126
0.0034001268293373543 0.003439333712483044 9.811754678725006
0.0033725648176117415 0.0029486923353864033 9.811576204442002
0.0034031354280062553 0.003328375666753942 9.811712056913727
0.0034178870016068246 0.0034700493239418935 9.811766962057566
0.0033898136017152425 0.002974992390441862 9.811587522473655
0.003419283613807159 0.0033504800606837097 9.811722819505945
0.003433115301570294 0.003488397194472804 9.81177710554573
0.0034045881149190283 0.0029900679047643553 9.811596853349068
0.0024129647632631125 -0.004154902706302478 9.807262586322075
0.0034331603107180205 0.0033097406589677296 9.811713165165184
0.0034462233147308633 0.003452245795153632 9.811768291240526
0.003417502050668601 0.0029582456073810387 9.811588784776399
0.0024394112050581626 -0.00418057394545799 9.807253030803997
0.0024551428193953207 -0.0040432109600118836 9.807292949941088
0.0034428406329222293 0.003216227306250618 9.81168256418263
0.0034552246233791294 0.0033706350648395208 9.81174003989726
0.0034663783753934485 0.003503875202598019 9.811793620039206
0.003436679247060243 0.003001746050471947 9.811612121855944
0.002478249694318017 -0.004141936632544635 9.807264535395525
0.003459913253525836 0.0033139407764966777 9.81172720781672
0.003431072205912485 0.002837127457835738 9.811551024079671
0.00249579004338862 -0.004095325938033896 9.807271667599379
0.0034657926445798705 0.0033523899996986996 9.811741533925463
0.0024963187021200014 -0.004237064496170005 9.80723589359749
0.003459459851019225 0.0032283742533915786 9.811697634510857
0.0034691737623439678 0.0033786711892644767 9.811754478203305
0.0034392873073947903 0.0028923815388278463 9.811576146644251
0.002523155098840822 -0.004046042826093142 9.807283989069544
0.0034699928636786484 0.0033906657957819947 9.811763941257192
0.0034396760646731653 0.0029015324582726183 9.811584827396048
0.0025213578374570678 -0.004224104911656241 9.807233610995466
0.0025327500749237047 -0.004083468869091785 9.807274169298768
0.0034529065693362174 0.003169364553294597 9.811681237517874
0.0025428391931143542 -0.003991080844893101 9.807298060330643
0.0034549998254604203 0.003247771987518681 9.81171377296978
0.002526705212208703 -0.004323247174593288 9.807204825250462
0.002537367358535937 -0.00416982647169593 9.807246470672903
0.0034508993422031698 0.003277605144378401 9.811727957124807
0.0025325060977614573 -0.004296563523304368 9.80721207705263
0.0034392086682797944 0.0031667542839868643 9.811686811030604
0.002551990681438988 -0.003991204445483434 9.807295609154073
0.0034381384613276036 0.0032429336894825396 9.811719074404207
0.002533334673845989 -0.00432529183103532 9.807202106188114
0.0025422325126113034 -0.004172866212707898 9.807243812865615
0.0034294869181280296 0.003270108208848728 9.811732835973867
0.003398158036093281 0.002794873329970672 9.811556271065273
0.0025435870051343443 -0.004124293583846101 9.807252201740333
0.003419442937661171 0.0033102321614708573 9.811748441164001
0.00338758360389494 0.0028293605659738446 9.811570652138071
0.002542365182651789 -0.004093556813748399 9.80725949619175
0.003406876548208758 0.0033346644465281506 9.811761256265799
0.0033745557076782363 0.002849614503861455 9.811582441351865
0.0033903900100438916 0.0032312024922491957 9.811720693485523
0.0033930531978788783 0.0033752246827816355 9.811777183421759
0.0033602160636418575 0.0028844708989636024 9.811597124316531
0.0033749752517094962 0.0032606974494908906 9.811734605279181
0.003376740687262192 0.003399909825957904 9.81179025859844
0.003343456218048044 0.00290492957392961 9.811609157232619
0.0025157441739240135 -0.00421255488335925 9.80722460146431
0.00334755830861273 0.003225702603962487 9.811727944122621
0.002502542007046876 -0.004333674732548346 9.807191024142575
0.0033276169940870755 0.0031197487988283 9.811688098636811
0.0025115445636718424 -0.0040245945368671465 9.807276028969254
0.0033173271116921387 0.003199469150136823 9.811721764768299
0.002485592698389178 -0.004354905626465219 9.807182821918122
0.0024892628390545553 -0.004201426168440809 9.807225205604498
0.003295333299758608 0.003230519170849387 9.81173717989384
0.0032619828081495413 0.0027570204209646345 9.811560366496778
0.00247702743339238 -0.004150055164180626 9.80723479323597
0.0032719567239331737 0.0032730448720755443 9.811754128878173
0.0032381118542833356 0.0027935243452782152 9.811575986703776
0.00246234661702958 -0.004117709328303419 9.80724312695401
0.0032461873617242614 0.003298840931939182 9.811768008331756
0.003211918513331962 0.0028148618496643928 9.811588754835961
0.003221573036136227 0.003196041303115989 9.811727825082164
0.003219200911540119 0.003339973246913755 9.811784777252964
0.0031844639653611758 0.002850094449056398 9.811604210862813
0.0024173358583848724 -0.00425319915215769 9.807203125288142
0.003180144074820386 0.0031778513666727835 9.811725301530833
0.0031769610656592695 0.0033235590048703726 9.81178262722915
0.003141969887657658 0.0028354632225346984 9.811602280649637
0.0031495926949314497 0.0032124577657648345 9.811740897862833
0.0031455630401969236 0.0033526913926049356 9.811797269760431
0.00311016656634805 0.0028597677080922307 9.811615752412179
0.0023649939938510775 -0.0042431308003083425 9.80720542064458
0.003102574341248298 0.003181656145179682 9.811735834874533
0.0030677723458359283 0.002711755354197362 9.811559221335328
0.002342006764902559 -0.004182845980267945 9.807216451241828
0.0030686832646402997 0.003231956945586484 9.811754983468964
0.002318009324276788 -0.0043175031465878776 9.807182192549726
0.0030381063628099436 0.003114044979669238 9.811713130403408
0.0030325854429943478 0.0032657440868884826 9.811771793842157
0.002996914925944061 0.0027835972199127712 9.811592362476565
0.0022892802808880865 -0.004119735943084274 9.807235159593874
0.0029852688141973694 0.0030967685976033706 9.811708863157056
0.0029789796199198963 0.003249998524745943 9.811767986544695
0.0029430914506739523 0.0027694126661604534 9.811588858025866
0.0022477777876995907 -0.004130487653802361 9.807228588820433
0.002929896483948108 0.00308489322383411 9.811706169535409
0.002922834781461595 0.003239088788316635 9.811765669369837
0.0022073915123172385 -0.0043073785713034825 9.80717889597004
0.0028885888527229267 0.0031153048040008483 9.811722961311832
0.002180073141751118 -0.004413789143593303 9.80714724083418
0.0021755939319385385 -0.00425725462720998 9.807190888159948
0.0028461045554830974 0.003156667648158325 9.81174189728877
0.0021469566466013586 -0.004377187763622429 9.807158051506825
0.0028109744937287007 0.0030516849127186973 9.811702781309839
0.002802437890387734 0.003208647809079136 9.811762865967346
0.002112584243179469 -0.004330722461950871 9.80716973270604
0.002765982130927109 0.0030898109657331477 9.811721062548504
0.002756683934703585 0.0032407637614211087 9.81178001005
0.0027198611774212652 0.0027587682523733796 9.811600014484458
0.0027198777541342107 0.0031393304218355774 9.811740522041083
0.002709800643389771 0.003283178648234503 9.811798290757615
0.002672630302630395 0.0027948795327402964 9.811616851896932
0.0020237648398667278 -0.004288383494637889 9.80717721309656
0.0026528448157890055 0.0031218001645857427 9.81173942531555
0.0019918124223378742 -0.004402485893383046 9.807144929708532
0.0019843792569296465 -0.0042495482740477816 9.807188564410373
0.002602985921792597 0.0031532000302177017 9.811756603977038
0.0025660541506098322 0.0026814414938271824 9.811578491007925
0.0019439014539428842 -0.004198993404104615 9.807199914044174
0.0025520788010382316 0.0031949073742898915 9.811774902499595
0.002514832539880838 0.002716856348435323 9.811595338337426
0.0018937442793731786 -0.0043524561938817555 9.807153529024943
0.001884880530057008 -0.004206917500575788 9.807196817711203
0.002479500693338752 0.003185387185174057 9.811775655209738
0.002442126834035864 0.002708022736104546 9.811596062328997
0.002438683330779653 0.0030917860023689397 9.811737677027363
0.002425933289892584 0.0032387330547115284 9.811796313425022
0.002388244956344169 0.002753936949171439 9.811615101208362
0.0017882578117134496 -0.0043182155633119555 9.80716128144235
0.0023630733048669583 0.003085391635619203 9.81173922228246
0.0023496863498314027 0.0032324833796100023 9.811797939494042
0.002311896147830587 0.002747993068871802 9.811616631502782
0.0017240207722633186 -0.004321860667783119 9.80715874235277
0.002285451406409174 0.003079588292196917 9.811740898283146
0.002271445949187336 0.003226722273544244 9.811799681563063
0.0022335703911691932 0.0027424450064331115 9.811618262154546
0.001657772408550537 -0.004325214624641671 9.807156271718329
0.002205891178523773 0.0030740247418995954 9.811742649719864
0.00219128696636857 0.003221135329760643 9.811801487744132
0.0021533439066310665 0.0027370115863575356 9.811619946346434
0.0015895906925162662 -0.004328535514482297 9.807153860392996
0.0021244711917877608 0.0030684785862555067 9.81174443572354
0.002109289026962182 0.003215525702100085 9.811803319966153
0.0020712973154787917 0.0027315190091364294 9.811621649894473
0.0015195573519771993 -0.004331979854295194 9.807151499572047
0.0020412738433312236 0.003062816488032255 9.811746226943779
0.002025535332663433 0.0032097775453379077 9.811805151135369
0.0019875145744036684 0.0027258672021277176 9.811623348627055
0.0014477569963306225 -0.00433563456187763 9.807149181092996
0.0019563844651628803 0.0030569657702863 9.811748003082469
0.0019401118439795909 0.0032038299338880676 9.811806962748106
0.0019020822294606532 0.0027200058373780074 9.811625026186176
0.001374276508839459 -0.004339539792071161 9.807146897603117
0.0018698906938849585 0.0030508942262657238 9.811749750840306
0.0013333697248708019 -0.00444903370466899 9.807115120591755
0.0013197741503382702 -0.004294868041200611 9.807159659035797
0.0018055043730260685 0.0030873382801358674 9.811768674903366
0.0017678613441158607 0.002618199760476926 9.811589753419357
0.0012645392490093696 -0.004240884444781409 9.80717230790128
0.0017341711351815021 0.0029476001679355555 9.811712059148627
0.001716989456460316 0.003107472866637628 9.811773879439862
0.0016991585234660536 0.0032453875157692305 9.811831536669532
0.0016610237974886053 0.002753936803299892 9.811647662897544
0.0011529501130389025 -0.004703212667199666 9.807034847031046
0.0011584082016951537 -0.0039053023453862693 9.807261861834993
0.0016014516761825453 0.0030203764271447987 9.811750361453049
0.001564086179743461 0.002558466609362256 9.811572852215292
0.0010872030608324902 -0.00428978979597232 9.807151733134742
0.0015286263325240733 0.00289954732589031 9.811698058954718
0.0015164386021912452 0.003248656029196584 9.811835606293018
0.001478436632962112 0.0027556704058938927 9.811651407005646
0.0009946067325396785 -0.004698760434816752 9.807029256162469
0.0009981378144746852 -0.003902916236423727 9.80725699299387
0.0014165683684793878 0.0030173366314647197 9.81175419637539
0.001379359075064675 0.0025544121978110872 9.811576383692515
0.0009200140223606157 -0.004474644300033731 9.807090007549196
0.0013545413835761926 0.003314977178640182 9.811865379048706
0.001316544812532432 0.0028123108886541127 9.81167891442145
0.0008536622241096245 -0.004647521764094851 9.807042424999496
0.0008378979245847426 -0.004468652748663859 9.807089857214933
0.0012596097268220733 0.0033173937290093725 9.811870177322525
0.0012217535443130336 0.002813753207487591 9.811683365042297
0.001185380703538945 0.002377474748107699 9.811511186379446
0.000761076167362133 -0.0042257154606756 9.807152625801365
0.0011695039354184212 0.0035247123547368425 9.81195538642462
0.0011312190968286223 0.0029918041992637104 9.811761907190553
0.0010944490292742561 0.0025290284122760657 9.811583503668448
0.0006593524533685623 -0.0048898208323740035 9.80696731848061
0.000659844829328766 -0.004069950900717955 9.807197531275628
0.0010413356357855316 0.003260284400971011 9.811859013272255
0.0010040429143336382 0.002762514070931841 9.811673114170203
0.0009681510222915668 0.002331530541828024 9.811501775379769
0.0005693622427157099 -0.004262746643351578 9.807138189011763
0.0009496129814651565 0.003486593536765685 9.811948246104192
0.0009119378535594423 0.0029577081489448845 9.811755394118114
0.0008756959049111795 0.0024985356141707595 9.811577562876534
0.0004674353792888657 -0.004912065535402458 9.806954214323627
0.0004661820056620312 -0.004090071335276413 9.80718533689102
0.0008204751453639659 0.0032372027624734162 9.811855530636434
0.0007837800570922072 0.002741868633198544 9.811669984166192
0.00038673903869046016 -0.004699638129716182 9.807015435312046
0.0003842520530441255 -0.003908588681842509 9.807245182144737
0.0007162429391175714 0.0029941346629200395 9.811772382731876
0.0006804025922952112 0.002529677727110353 9.811593292885942
0.00029569774591340275 -0.004881294014177384 9.806957164711026
0.00029289589621104103 -0.004064590991545072 9.807188732821343
0.0006232322527611125 0.0032539618801529185 9.811869480579473
0.000587057642943748 0.0027550872741687908 9.811682881380696
0.00021361928094866474 -0.004685725276786509 9.807017517711266
0.00019573391527684796 -0.004505193954075559 9.807065824766422
0.0001774473785144384 -0.004349294748876588 9.807112259802057
0.0004935175304709512 0.00300431472901618 9.81177811168864
0.0004583329602531853 0.002538796712727481 9.81159870663724
0.00011309731743676355 -0.004290570983522072 9.807128451242955
0.0004202096245812237 0.003052966253204547 9.811801467927767
0.0003851479093705301 0.002579823800085439 9.811620213707467
4.416427412201411e-05 -0.0044386627384644115 9.80708469377734
0.0003428198373961384 0.002923164682116998 9.811750806443259
-1.692992226753247e-06 -0.0045350842102911395 9.807055489572441
-2.0277256151898655e-05 -0.004376508739666898 9.80710225554686
0.00026951695740653326 0.002974812220146151 9.811775774235146
0.00023516332110038373 0.002511801154313696 9.811596583315158
-8.475199523983097e-05 -0.004311060099135228 9.807119173080993
0.00019238533808390782 0.0028458670091667075 9.81172327490702
0.00017083970499399856 0.0030074300361602633 9.81178711635952
-0.0001534215849800997 -0.00445951923502088 9.807074540795686
0.00011921779544862284 0.002899168730171926 9.811748958385987
-0.00019899862542365515 -0.004552618336911383 9.807045809023093
-0.00021778044649336725 -0.004392776319793219 9.807092933499225
4.614653572591698e-05 0.002954844828554299 9.811775092870137
1.2712279105953777e-05 0.0024932146479358674 9.811595976693665
-0.0002820762861571273 -0.004324106100990979 9.807110600338822
-3.033319067188766e-05 0.0028288408581411055 9.811723456073507
-5.198815233969837e-05 0.0029910318692191423 9.811787662454089
-0.0003501035878002385 -0.004470228106889566 9.807066488652774
-0.00010307004663326078 0.002884052902849266 9.811749940625639
-0.00039520075972295155 -0.004562213875270954 9.807038059575563
-0.0004140738375451118 -0.004402062758292097 9.807085470894169
-0.0001756065505342238 0.0029409607547462944 9.81177673167366
-0.00020802706563363154 0.002479946638539614 9.811597518566085
-0.0004778733415997752 -0.0043325404327063865 9.807103658685035
-0.0002511232176222813 0.002815812250195474 9.811725511074568
-0.00027277786091850584 0.0029780647943765362 9.81178995370446
-0.0003047821491322785 0.0025121891386369424 9.811609741349343
-0.0005636849827987092 -0.004302577671091078 9.807108145488971
-0.0003448755021020587 0.0030224233331271597 9.811814008095096
-0.00037659944431898447 0.002549092367768233 9.811631886253348
-0.000630281779927847 -0.004454475562739628 9.807064968663116
-0.00041955491246401487 0.0028892141495424797 9.811763406553828
-0.00045066184585445244 0.0024340681908348464 9.811585280599306
-0.0006929756431114765 -0.004367962777951311 9.807085278538311
-0.0004905767154633283 0.002962198242137698 9.811793228829664
-0.0005214128934653 0.0024968534318728633 9.811612789040288
-0.0007556042029802077 -0.004313404856584756 9.807102966552208
-0.0005642796206358602 0.002824036182959431 9.811739832421647
-0.0005857755982473823 0.0029825034849583383 9.811803824436922
-0.0006161014549417204 0.0025137653304514885 9.811622559000835
-0.000634425224551775 0.002896991083820912 9.81176976060608
-0.0008636691104480777 -0.004542281589490617 9.807031361074722
-0.0006828292922352193 0.0028063334241062903 9.81173586415027
-0.000704161943535288 0.0029665641080177103 9.811800368298535
-0.0007337523068043999 0.0024996418748226656 9.811619415136596
-0.0009434634095908107 -0.0043077203238198435 9.807099530279709
-0.0007761407868684635 0.002823257885694326 9.811746338008836
-0.0009883213074263642 -0.00460372328774222 9.807009065427673
-0.001006729127023897 -0.004440724253091855 9.807057597205223
-0.0008448020866609106 0.0028895078696348007 9.811776514972836
-0.0008733995846706505 0.0024319059614539285 9.811597430309424
-0.0010668060668483472 -0.004363937740781191 9.80707808727441
-0.0008881331362265587 0.0029292959554725042 9.811529843614245
-0.0009157375216207727 0.002466361282693479 9.811366041646394
-0.052609197748816124 -0.0024441956398465765 9.832317445815894
-0.0005926792710888958 0.003105522734579911 9.807930264018406
-0.0006186215272308252 0.0026185421732295455 9.807994929019117
-0.05231035294669676 -0.0028272392461579847 9.829846185186378
-0.0520557378617063 -0.002356260107298011 9.827804888902877
-0.00016808684046733556 0.0031801947984256766 9.803854236496434
-0.00019159553370366047 0.002682934556265744 9.804192316807914
-0.05178491559537482 -0.002876886932509186 9.82660270940029
-0.051528417082457395 -0.00240106292634487 9.82479312290406
0.0001404568213246736 0.0028492762280035995 9.801865975605123
-0.02553800782151636 0.0008481064574512298 9.814743498363086
-0.05115829895675376 -0.002583566475655209 9.823168580732238
-0.05102141619369466 -0.002591151167152394 9.822695165964477
-0.05088334004529111 -0.0025979000819013505 9.822259785707546
-0.050712179252479526 -0.0024981242454047456 9.821434583769882
0.0008013228884557717 0.002769241379765021 9.798947599976731
-0.050429372617937285 -0.002514643941632654 9.820764878978743
0.0010191502414591696 0.0027539717945257113 9.798397114240272
-0.05010803310136026 -0.0024212571687256277 9.819787044632497
-0.05000281326586822 -0.0025854326669133725 9.819928918197482
-0.049854413416537846 -0.002593243486998336 9.819728876653192
-0.04970429117804019 -0.002600152041125958 9.819550199012324
-0.04955239603043588 -0.0026062407862497625 9.819391409509027
0.0018030626023071352 0.0029638252673053443 9.796664688715117
-0.023743097154233284 0.0005479230466380881 9.810607995988981
-0.049036688206830374 -0.002461864961359229 9.818394590951598
0.00217108449996775 0.002803869094825481 9.796534359017741
-0.04871588642662565 -0.0024882217180875904 9.818279195322901
0.0024303072495146776 0.0027798928941933348 9.796499544344279
-0.048386705068835655 -0.002509094106012356 9.818208676309832
0.002698345581315631 0.0027608662827571786 9.7965059334819
-0.04801624550063832 -0.0024182822733850246 9.817758299952994
-0.04788537082413623 -0.0025839635533940856 9.81812705493406
-0.04771078223535852 -0.002593012829216584 9.818143742414907
-0.04753386048216456 -0.002600976816168282 9.818166022364405
-0.04735457439628934 -0.0026079556644125444 9.818193274640056
0.003646177141112753 0.0029642330637831586 9.796040130903716
0.003767747712448437 0.0027597761220577535 9.796382825343795
-0.04676974211135078 -0.0025290146359285147 9.817910034606076
-0.046580770235580916 -0.00254586604122873 9.817976993378732
-0.0463892361494007 -0.0025608707397892757 9.818045170656085
-0.020928315489370516 0.0006948412824765769 9.80967976462528
0.004627778165340816 0.0029097482488864798 9.796307377896891
-0.020543863436004606 0.0006881462813589283 9.809577725832899
0.004998721236155545 0.002907740918046816 9.79625817291052
-0.020148810607649274 0.0006845591943612556 9.80950934849319
0.005380317907724376 0.0029085150761857426 9.796239857137078
0.005557730279962445 0.0028924402534517423 9.796379507910943
-0.01954621140986492 0.0006688649372106015 9.80959239521473
0.005955868855544704 0.002898907618805717 9.796381433792522
0.006141617396905648 0.002885178546932647 9.796528964900668
0.006330281259155643 0.0028729908484176683 9.796672487641985
0.006521870663229433 0.0028622032776882147 9.796811985340275
0.006716396194755346 0.0028526859456288692 9.796947454762352
-0.04334294739294062 -0.0024523353700705817 9.81806372507475
-0.04311906500746314 -0.0025049725289155752 9.818105275174608
0.007326196549064253 0.00277394542809402 9.797291690031892
-0.042643882963178045 -0.0025210224831352067 9.818321705075668
-0.04240185995769185 -0.0025379455780572963 9.818433849968057
-0.04215677137681119 -0.0025529289020771177 9.818540966902274
-0.04190860834619916 -0.002566148088777655 9.818643165138122
-0.041657361729987914 -0.0025777645794568213 9.818740558602984
-0.041403022244762784 -0.0025879267393958756 9.818833265115053
0.00891407462022758 0.0029851445424608908 9.797535692405315
0.009111190281283427 0.00277927164461227 9.797912029194281
-0.04055574180859786 -0.0024060577466186047 9.818306882623792
-0.0403306897009637 -0.002573543777011202 9.81875220128319
-0.040060766156625745 -0.0025840513109296613 9.818850085051546
-0.03975535360833762 -0.0024845129134218585 9.818543753254337
0.010353678077044605 0.0027898363990253444 9.798083301967791
-0.03916637956808496 -0.0023973529707855064 9.818344485364497
-0.03892550861397843 -0.0025655252419059986 9.818789717559854
-0.038639493700485916 -0.0025766336322194864 9.818889358679705
-0.03835019279054494 -0.002586283145417622 9.818983262145377
0.011707485323467128 0.0029891308698289055 9.797997711447197
0.011969809551104178 0.0029611364165770516 9.798126385808152
0.012115313336696654 0.0024926523478663682 9.799194199577096
-0.03711870693691666 -0.002472088697249041 9.81898469445663
-0.036689421105376964 -0.0020522293382649387 9.818085204068275
0.013052285651448156 0.0028671905188312552 9.798586051059607
0.01321193993068323 0.002409154418206202 9.79962726366107
-0.0358760570894086 -0.00254327177879454 9.819302507075086
-0.03543407914403625 -0.0021151283898374843 9.818387451715843
0.014188469308440988 0.0028089456785295227 9.798963575894854
-0.034950107477504946 -0.002774340304834632 9.81986642230444
-0.03449822116967386 -0.0023167346384859195 9.818917657348655
0.015115345638306384 0.0029209285714018865 9.798900683438202
-0.03393640664034024 -0.002771956976367722 9.81985127319739
-0.033474637290517396 -0.0023153756143129696 9.818905980135481
0.01605017922376521 0.0028033075895057386 9.799007653196181
-0.03281988790759869 -0.0024900923478163835 9.819110651997988
0.01667855021221836 0.0027715623550428757 9.799193966794157
-0.032085003198410136 -0.00240639106955996 9.818851222715473
-0.007219018508619872 0.0007685675425328093 9.811108913964565
0.017777004585246427 0.002979987659546925 9.798469809186926
0.018075004995343095 0.0027757678246251674 9.79882889523604
-0.030648852099325573 -0.002516763767536761 9.81879614293741
-0.005766702550640896 0.000809416014270574 9.81079400181904
0.019156525819348985 0.002909577859136607 9.798615666660817
0.019499526245356114 0.0028925028528914223 9.798737962016709
-0.004666724265828239 0.0008173594425327862 9.810929478389719
-0.028748441637163627 -0.0025544007082889814 9.818753632932793
-0.028327838644949904 -0.002456321399767537 9.818467070006538